<?xml version="1.0" encoding="UTF-8"?>
<!-- Generated by org.testng.reporters.JUnitXMLReporter -->
<testsuite hostname="Welcome-PC" ignored="2" name="Command line test" tests="1" failures="0" timestamp="27 Apr 2018 21:08:05 GMT" time="43.65" errors="0">
  <testcase name="navigationToElectronicPage" time="2.778" classname="Jenkins.TestSuite"/>
  <testcase name="navigationToRegisterPage" time="0.0" classname="Jenkins.TestSuite">
    <ignored/>
  </testcase> <!-- navigationToRegisterPage -->
  <testcase name="navigationToJwelloryPage" time="0.0" classname="Jenkins.TestSuite">
    <ignored/>
  </testcase> <!-- navigationToJwelloryPage -->
</testsuite> <!-- Command line test -->
