<?xml version="1.0" encoding="UTF-8"?>
<testng-results skipped="0" failed="0" ignored="2" total="3" passed="1">
  <reporter-output>
  </reporter-output>
  <suite name="Jenkins.TestSuite" duration-ms="43650" started-at="2018-04-27T21:07:21Z" finished-at="2018-04-27T21:08:05Z">
    <groups>
    </groups>
    <test name="Command line test" duration-ms="43650" started-at="2018-04-27T21:07:21Z" finished-at="2018-04-27T21:08:05Z">
      <class name="Jenkins.TestSuite">
        <test-method status="PASS" signature="openBrowser()[pri:0, instance:Jenkins.TestSuite@3d8c7aca]" name="openBrowser" is-config="true" duration-ms="39460" started-at="2018-04-27T22:07:21Z" finished-at="2018-04-27T22:08:01Z">
          <reporter-output>
          </reporter-output>
        </test-method> <!-- openBrowser -->
        <test-method status="PASS" signature="navigationToElectronicPage()[pri:0, instance:Jenkins.TestSuite@3d8c7aca]" name="navigationToElectronicPage" duration-ms="2778" started-at="2018-04-27T22:08:01Z" finished-at="2018-04-27T22:08:03Z">
          <reporter-output>
          </reporter-output>
        </test-method> <!-- navigationToElectronicPage -->
        <test-method status="PASS" signature="quitDriver(org.testng.ITestResult)[pri:0, instance:Jenkins.TestSuite@3d8c7aca]" name="quitDriver" is-config="true" duration-ms="1373" started-at="2018-04-27T22:08:03Z" finished-at="2018-04-27T22:08:05Z">
          <params>
            <param index="0">
              <value>
                <![CDATA[[TestResult name=navigationToElectronicPage status=SUCCESS method=TestSuite.navigationToElectronicPage()[pri:0, instance:Jenkins.TestSuite@3d8c7aca] output={null}]]]>
              </value>
            </param>
          </params>
          <reporter-output>
          </reporter-output>
        </test-method> <!-- quitDriver -->
      </class> <!-- Jenkins.TestSuite -->
    </test> <!-- Command line test -->
  </suite> <!-- Jenkins.TestSuite -->
</testng-results>
